<?xml version="1.0" encoding="UTF-8"?>
<!-- Generated by org.testng.reporters.JUnitXMLReporter -->
<testsuite hostname="DESKTOP-OSGKPDG" ignored="0" name="BankingApp Test" tests="2" failures="1" timestamp="06 Apr 2021 06:25:01 GMT" time="40.893" errors="0">
  <testcase name="loginTest" time="8.406" classname="com.inetbanking.testCases.TC_LoginTest_001"/>
  <testcase name="loginDDT" time="6.92" classname="com.inetbanking.testCases.TC_LoginDDT_002">
    <failure type="org.testng.internal.reflect.MethodMatcherException" message="
Data provider mismatch
Method: loginDDT([Parameter{index=0, type=java.lang.String, declaredAnnotations=[]}, Parameter{index=1, type=java.lang.String, declaredAnnotations=[]}])
Arguments: [(java.lang.String) mngr266311,(java.lang.String) YvuzYtY,(java.lang.String) ,(java.lang.String) ]">
      <![CDATA[org.testng.internal.reflect.MethodMatcherException: Data provider mismatchMethod: loginDDT([Parameter{index=0, type=java.lang.String, declaredAnnotations=[]}, Parameter{index=1, type=java.lang.String, declaredAnnotations=[]}])Arguments: [(java.lang.String) mngr266311,(java.lang.String) YvuzYtY,(java.lang.String) ,(java.lang.String) ]... Removed 20 stack frames]]>
    </failure>
  </testcase> <!-- loginDDT -->
</testsuite> <!-- BankingApp Test -->
